{
  "RSpec": {
    "coverage": {
      "/Users/devlon/Sites/personal/src/yolo-octo-lana/bank/app/controllers/account_controller.rb": [
        1,
        1,
        null,
        1,
        0,
        0,
        0,
        null,
        null,
        1,
        0,
        null,
        null,
        1,
        null,
        1,
        0,
        null,
        null,
        null
      ],
      "/Users/devlon/Sites/personal/src/yolo-octo-lana/bank/app/services/transaction_audit.rb": [
        null,
        1,
        null,
        1,
        1,
        1,
        1,
        1,
        1,
        null,
        null,
        null,
        null
      ]
    },
    "timestamp": 1399095709
  }
}
