{
  "RSpec": {
    "coverage": {
      "/Users/devlon/Sites/personal/src/yolo-octo-lana/bank/app/controllers/account_controller.rb": [
        1,
        1,
        1,
        null,
        1,
        0,
        0,
        null,
        0,
        null,
        null,
        1,
        0,
        null,
        null,
        1,
        0,
        null,
        null,
        1,
        0,
        null,
        null,
        1,
        null,
        1,
        0,
        null,
        null,
        1,
        0,
        null,
        null,
        1,
        0,
        null,
        null,
        1,
        0,
        0,
        0,
        null,
        null,
        null,
        null
      ],
      "/Users/devlon/Sites/personal/src/yolo-octo-lana/bank/spec/controllers/user_controller_spec.rb": [
        1,
        null,
        1,
        null,
        1,
        1,
        null,
        null,
        null
      ],
      "/Users/devlon/Sites/personal/src/yolo-octo-lana/bank/app/controllers/user_controller.rb": [
        1,
        1,
        1,
        null,
        1,
        null,
        null,
        1,
        null,
        1,
        0,
        0,
        0,
        null,
        null,
        null,
        null
      ],
      "/Users/devlon/Sites/personal/src/yolo-octo-lana/bank/spec/models/account_spec.rb": [
        null,
        1,
        null,
        1,
        null,
        2,
        2,
        2,
        null,
        2,
        2,
        null,
        1,
        1,
        1,
        1,
        1,
        null,
        1,
        1,
        null,
        null,
        1,
        1,
        null,
        null,
        null,
        null,
        null,
        null,
        null,
        null,
        null,
        null,
        null,
        null,
        null,
        null,
        null,
        null,
        null,
        null
      ],
      "/Users/devlon/Sites/personal/src/yolo-octo-lana/bank/spec/models/rel_link_spec.rb": [
        null,
        1,
        null,
        1,
        null,
        1,
        1,
        4,
        4,
        null,
        2,
        null,
        1,
        1,
        null,
        null,
        1,
        1,
        null,
        null,
        null
      ],
      "/Users/devlon/Sites/personal/src/yolo-octo-lana/bank/app/models/rel_link.rb": [
        null,
        1,
        null,
        1,
        1,
        null,
        1,
        3,
        3,
        null,
        null,
        null
      ],
      "/Users/devlon/Sites/personal/src/yolo-octo-lana/bank/spec/models/transaction_log_spec.rb": [
        null,
        1,
        null,
        1,
        null,
        2,
        2,
        2,
        2,
        null,
        null,
        null,
        null,
        null,
        null,
        null,
        null,
        null,
        null,
        null,
        null,
        null,
        null,
        null
      ],
      "/Users/devlon/Sites/personal/src/yolo-octo-lana/bank/spec/models/transaction_response_spec.rb": [
        null,
        1,
        null,
        1,
        null,
        5,
        5,
        null,
        2,
        2,
        2,
        null,
        1,
        1,
        null,
        null,
        1,
        1,
        3,
        null,
        1,
        1,
        null,
        null,
        1,
        1,
        null,
        null,
        null,
        null,
        1,
        3,
        null,
        1,
        1,
        null,
        null,
        1,
        1,
        null,
        null,
        null,
        null,
        null
      ],
      "/Users/devlon/Sites/personal/src/yolo-octo-lana/bank/app/models/transaction_response.rb": [
        1,
        null,
        1,
        1,
        null,
        1,
        10,
        10,
        10,
        null,
        null,
        1,
        4,
        null,
        null,
        null
      ],
      "/Users/devlon/Sites/personal/src/yolo-octo-lana/bank/spec/models/user_spec.rb": [
        null,
        1,
        null,
        1,
        null,
        2,
        2,
        2,
        null,
        2,
        2,
        null,
        null,
        null,
        null,
        null,
        null,
        null,
        null,
        null,
        null,
        null,
        null,
        null
      ],
      "/Users/devlon/Sites/personal/src/yolo-octo-lana/bank/spec/services/transaction_withdraw_spec.rb": [
        1,
        null,
        1,
        null,
        1,
        1,
        1,
        null,
        null,
        1,
        1,
        1,
        1,
        null,
        1,
        1,
        null,
        1,
        null,
        null,
        1,
        1,
        null,
        null,
        1,
        1,
        null,
        null,
        1,
        1,
        null,
        null,
        null,
        null,
        1,
        1,
        1,
        1,
        null,
        1,
        1,
        null,
        1,
        null,
        null,
        1,
        1,
        null,
        null,
        1,
        1,
        null,
        null,
        1,
        1,
        null,
        null,
        null,
        null,
        null
      ],
      "/Users/devlon/Sites/personal/src/yolo-octo-lana/bank/app/services/transaction_withdraw.rb": [
        null,
        1,
        null,
        1,
        2,
        null,
        2,
        1,
        null,
        1,
        1,
        1,
        null,
        1,
        null,
        null,
        null,
        null,
        null
      ],
      "/Users/devlon/Sites/personal/src/yolo-octo-lana/bank/spec/views/user/show.html.erb_spec.rb": [
        1,
        null,
        1,
        1,
        null
      ],
      "/Users/devlon/Sites/personal/src/yolo-octo-lana/bank/app/services/transaction_audit.rb": [
        null,
        1,
        null,
        1,
        6,
        6,
        6,
        6,
        6,
        null,
        null,
        null,
        null
      ]
    },
    "timestamp": 1399752438
  }
}
